*** Using Compiler 'V5.06 update 7 (build 960)', folder: 'F:\Keil_v5\ARM\ARMCC\Bin'
Build target 'mist_spray'
compiling lv_event.c...
..\GUI\lvgl\src\core\lv_event.c(120): warning:  #188-D: enumerated type mixed with another type
      return e->code & ~LV_EVENT_PREPROCESS;
..\GUI\lvgl\src\core\lv_event.c: 1 warning, 0 errors
compiling lv_disp.c...
compiling lv_group.c...
compiling lv_indev.c...
compiling lv_indev_scroll.c...
compiling lv_obj.c...
compiling lv_obj_class.c...
compiling lv_obj_draw.c...
..\GUI\lvgl\src\core\lv_obj_draw.c(392): warning:  #188-D: enumerated type mixed with another type
      if(obj->spec_attr) return obj->spec_attr->layer_type;
..\GUI\lvgl\src\core\lv_obj_draw.c: 1 warning, 0 errors
compiling lv_obj_pos.c...
compiling lv_obj_scroll.c...
compiling lv_obj_style.c...
compiling lv_obj_style_gen.c...
compiling lv_obj_tree.c...
compiling lv_refr.c...
compiling lv_theme.c...
compiling lv_draw_sdl.c...
compiling lv_draw_sdl_arc.c...
compiling lv_draw_sdl_composite.c...
compiling lv_draw_sdl_bg.c...
compiling lv_draw_sdl_img.c...
compiling lv_draw_sdl_label.c...
compiling lv_draw_sdl_layer.c...
compiling lv_draw_sdl_line.c...
compiling lv_draw_sdl_mask.c...
compiling lv_draw_sdl_polygon.c...
compiling lv_draw_sdl_stack_blur.c...
compiling lv_draw_sdl_rect.c...
compiling lv_draw_sdl_texture_cache.c...
compiling lv_draw_sdl_utils.c...
compiling lv_gpu_stm32_dma2d.c...
compiling lv_draw_sw.c...
compiling lv_draw_sw_arc.c...
compiling lv_draw_sw_dither.c...
compiling lv_draw_sw_blend.c...
compiling lv_draw_sw_gradient.c...
compiling lv_draw_sw_img.c...
compiling lv_draw_sw_layer.c...
compiling lv_draw_sw_letter.c...
compiling lv_draw_sw_line.c...
compiling lv_draw_sw_polygon.c...
compiling lv_draw_sw_transform.c...
compiling lv_draw_sw_rect.c...
..\GUI\lvgl\src\draw\sw\lv_draw_sw_rect.c(242): warning:  #546-D: transfer of control bypasses initialization of:
            variable "mask_any_center"  (declared at line 289)
          goto bg_clean_up;
          ^
..\GUI\lvgl\src\draw\sw\lv_draw_sw_rect.c: 1 warning, 0 errors
compiling lv_gpu_swm341_dma2d.c...
compiling lv_draw.c...
compiling lv_draw_arc.c...
compiling lv_draw_img.c...
compiling lv_draw_label.c...
compiling lv_draw_layer.c...
compiling lv_draw_line.c...
compiling lv_draw_pxp_blend.c...
compiling lv_draw_rect.c...
compiling lv_draw_mask.c...
compiling lv_draw_transform.c...
compiling lv_draw_triangle.c...
compiling lv_draw_vglite_arc.c...
compiling lv_draw_vglite_rect.c...
compiling lv_draw_vglite_blend.c...
compiling lv_img_cache.c...
compiling lv_img_buf.c...
compiling lv_img_cache_builtin.c...
compiling ui.c...
..\HARDWARE\UI\ui.c(14): warning:  #177-D: variable "bar"  was declared but never referenced
  static lv_obj_t * bar;
..\HARDWARE\UI\ui.c(15): warning:  #177-D: variable "a"  was declared but never referenced
  static  lv_anim_t a;
..\HARDWARE\UI\ui.c(16): warning:  #177-D: variable "img2"  was declared but never referenced
  static lv_obj_t * bar1,*bluethooth,*Bluethooth_online,*img2;
..\HARDWARE\UI\ui.c(17): warning:  #177-D: function "set_temp"  was declared but never referenced
  static void set_temp(void * bar, int32_t temp)
..\HARDWARE\UI\ui.c(50): warning:  #177-D: function "set_value"  was declared but never referenced
  static void set_value(void *bar, int32_t v)
..\HARDWARE\UI\ui.c: 5 warnings, 0 errors
compiling main.c...
compiling lv_font.c...
compiling lv_img_decoder.c...
compiling lv_font_fmt_txt.c...
..\GUI\lvgl\src\font\lv_font_fmt_txt.c(137): warning:  #111-D: statement is unreachable
      return NULL;
..\GUI\lvgl\src\font\lv_font_fmt_txt.c: 1 warning, 0 errors
compiling lv_font_dejavu_16_persian_hebrew.c...
compiling lv_font_montserrat_8.c...
compiling lv_font_loader.c...
compiling lv_font_montserrat_10.c...
compiling lv_font_montserrat_12.c...
compiling lv_font_montserrat_12_subpx.c...
compiling lv_font_montserrat_14.c...
compiling lv_font_montserrat_16.c...
compiling lv_font_montserrat_18.c...
compiling lv_font_montserrat_20.c...
compiling lv_font_montserrat_22.c...
compiling lv_font_montserrat_24.c...
compiling lv_font_montserrat_26.c...
compiling lv_font_unscii_8.c...
compiling lv_font_unscii_16.c...
compiling lv_hal_disp.c...
..\GUI\lvgl\src\hal\lv_hal_disp.c(577): warning:  #188-D: enumerated type mixed with another type
      return disp->driver->rotated;
..\GUI\lvgl\src\hal\lv_hal_disp.c: 1 warning, 0 errors
compiling lv_hal_tick.c...
compiling lv_hal_indev.c...
compiling lv_flex.c...
compiling lv_grid.c...
compiling gifdec.c...
compiling code128.c...
compiling lodepng.c...
compiling lv_barcode.c...
compiling lv_bmp.c...
compiling lv_ffmpeg.c...
compiling lv_freetype.c...
compiling lv_fs_fatfs.c...
compiling lv_fs_posix.c...
compiling lv_fs_stdio.c...
compiling lv_fs_win32.c...
compiling lv_ftsystem.c...
compiling lv_gif.c...
compiling lv_png.c...
compiling lv_qrcode.c...
compiling lv_rlottie.c...
compiling tjpgd.c...
compiling lv_sjpg.c...
compiling lv_tiny_ttf.c...
compiling lv_anim_timeline.c...
compiling lv_async.c...
compiling lv_anim.c...
compiling lv_area.c...
compiling lv_bidi.c...
compiling lv_color.c...
compiling lv_gc.c...
compiling lv_fs.c...
compiling lv_log.c...
compiling lv_ll.c...
compiling lv_lru.c...
..\GUI\lvgl\src\misc\lv_lru.c(241): warning:  #68-D: integer conversion resulted in a change of sign
      uint32_t i = 0, min_index = -1;
..\GUI\lvgl\src\misc\lv_lru.c(242): warning:  #68-D: integer conversion resulted in a change of sign
      uint64_t min_access_count = -1;
..\GUI\lvgl\src\misc\lv_lru.c: 2 warnings, 0 errors
compiling lv_malloc_builtin.c...
compiling lv_mem.c...
compiling lv_math.c...
compiling lv_memcpy_builtin.c...
compiling lv_style.c...
compiling lv_printf.c...
compiling lv_timer.c...
compiling lv_style_gen.c...
compiling lv_txt_ap.c...
compiling lv_txt.c...
compiling lv_tlsf.c...
..\GUI\lvgl\src\misc\lv_tlsf.c(898): warning:  #68-D: integer conversion resulted in a change of sign
          offset_to_block(pool, -(int)block_header_overhead);
..\GUI\lvgl\src\misc\lv_tlsf.c(1000): warning:  #68-D: integer conversion resulted in a change of sign
      block = offset_to_block(mem, -(tlsfptr_t)block_header_overhead);
..\GUI\lvgl\src\misc\lv_tlsf.c(1018): warning:  #68-D: integer conversion resulted in a change of sign
      block_header_t * block = offset_to_block(pool, -(int)block_header_overhead);
..\GUI\lvgl\src\misc\lv_tlsf.c: 3 warnings, 0 errors
compiling lv_theme_basic.c...
compiling lv_animimg.c...
compiling lv_theme_mono.c...
compiling lv_theme_default.c...
compiling lv_arc.c...
compiling lv_btn.c...
compiling lv_bar.c...
compiling lv_calendar.c...
compiling lv_calendar_header_arrow.c...
compiling lv_canvas.c...
compiling lv_btnmatrix.c...
compiling lv_calendar_header_dropdown.c...
compiling lv_chart.c...
compiling lv_checkbox.c...
compiling lv_dropdown.c...
compiling lv_colorwheel.c...
compiling lv_keyboard.c...
compiling lv_imgbtn.c...
compiling lv_img.c...
compiling lv_led.c...
compiling lv_line.c...
compiling lv_label.c...
compiling lv_list.c...
compiling lv_menu.c...
compiling lv_msgbox.c...
compiling lv_meter.c...
compiling lv_roller.c...
compiling lv_spinbox.c...
compiling lv_spinner.c...
compiling lv_slider.c...
compiling lv_span.c...
..\GUI\lvgl\src\widgets\lv_span.c(908): warning:  #546-D: transfer of control bypasses initialization of:
            variable "align"  (declared at line 912)
              goto Next_line_init;
              ^
..\GUI\lvgl\src\widgets\lv_span.c: 1 warning, 0 errors
compiling lv_switch.c...
compiling lv_tabview.c...
compiling lv_table.c...
compiling lv_textarea.c...
compiling lv_tileview.c...
compiling lv_win.c...
compiling image.c...
compiling bluetooth_outline.c...
compiling bluetooth_online.c...
compiling week.c...
compiling lv_port_disp.c...
..\GUI\lvgl\examples\porting\lv_port_disp.c(23): warning:  #1215-D: #warning directive: Please define or replace the macro MY_DISP_HOR_RES with the actual screen width, default value 320 is used for now.
      #warning Please define or replace the macro MY_DISP_HOR_RES with the actual screen width, default value 320 is used for now.
..\GUI\lvgl\examples\porting\lv_port_disp.c(28): warning:  #1215-D: #warning directive: Please define or replace the macro MY_DISP_HOR_RES with the actual screen height, default value 240 is used for now.
      #warning Please define or replace the macro MY_DISP_HOR_RES with the actual screen height, default value 240 is used for now.
..\GUI\lvgl\examples\porting\lv_port_disp.c: 2 warnings, 0 errors
linking...
Program Size: Code=132248 RO-data=15972 RW-data=520 ZI-data=57912  
FromELF: creating hex file...
"mist_spray\mist_spray.axf" - 0 Error(s), 18 Warning(s).
Build Time Elapsed:  00:00:26
